[debug] [2020-02-07T13:21:32.524Z] ----------------------------------------------------------------------
[debug] [2020-02-07T13:21:32.526Z] Command:       c:\Program Files\nodejs\node.exe c:\Users\jocyt\AppData\Roaming\npm\node_modules\firebase-tools\lib\bin\firebase.js serve
[debug] [2020-02-07T13:21:32.526Z] CLI Version:   7.12.1
[debug] [2020-02-07T13:21:32.526Z] Platform:      win32
[debug] [2020-02-07T13:21:32.526Z] Node Version:  v12.13.1
[debug] [2020-02-07T13:21:32.527Z] Time:          Fri Feb 07 2020 10:21:32 GMT-0300 (GMT-03:00)
[debug] [2020-02-07T13:21:32.527Z] ----------------------------------------------------------------------
[debug] [2020-02-07T13:21:32.527Z] 
[debug] [2020-02-07T13:21:32.534Z] > command requires scopes: ["email","openid","https://www.googleapis.com/auth/cloudplatformprojects.readonly","https://www.googleapis.com/auth/firebase","https://www.googleapis.com/auth/cloud-platform"]
[debug] [2020-02-07T13:21:32.535Z] > authorizing via signed-in user
[debug] [2020-02-07T13:21:32.535Z] [iam] checking project redsocial2-cbaa6 for permissions ["firebase.projects.get"]
[debug] [2020-02-07T13:21:32.536Z] >>> HTTP REQUEST POST https://cloudresourcemanager.googleapis.com/v1/projects/redsocial2-cbaa6:testIamPermissions  

[debug] [2020-02-07T13:21:34.537Z] <<< HTTP RESPONSE 200
[debug] [2020-02-07T13:21:34.542Z] >>> HTTP REQUEST GET https://firebase.googleapis.com/v1beta1/projects/redsocial2-cbaa6  
 
[debug] [2020-02-07T13:21:35.691Z] <<< HTTP RESPONSE 200
[info] 
[info] === Serving from 'C:\Users\jocyt\OneDrive\Escritorio\Social-Network'...
[info] 
[debug] [2020-02-07T13:21:35.706Z] >>> HTTP REQUEST GET https://firebase.googleapis.com/v1beta1/projects/redsocial2-cbaa6/webApps/-/config  
 
[debug] [2020-02-07T13:21:38.033Z] <<< HTTP RESPONSE 200
[info] i  hosting: Serving hosting files from: src
[info] +  hosting: Local server: http://localhost:5000
[debug] [2020-02-07T16:14:04.027Z] ----------------------------------------------------------------------
[debug] [2020-02-07T16:14:04.030Z] Command:       c:\Program Files\nodejs\node.exe c:\Users\jocyt\AppData\Roaming\npm\node_modules\firebase-tools\lib\bin\firebase.js serve
[debug] [2020-02-07T16:14:04.030Z] CLI Version:   7.12.1
[debug] [2020-02-07T16:14:04.030Z] Platform:      win32
[debug] [2020-02-07T16:14:04.030Z] Node Version:  v12.13.1
[debug] [2020-02-07T16:14:04.031Z] Time:          Fri Feb 07 2020 13:14:04 GMT-0300 (GMT-03:00)
[debug] [2020-02-07T16:14:04.031Z] ----------------------------------------------------------------------
[debug] [2020-02-07T16:14:04.031Z] 
[debug] [2020-02-07T16:14:04.040Z] > command requires scopes: ["email","openid","https://www.googleapis.com/auth/cloudplatformprojects.readonly","https://www.googleapis.com/auth/firebase","https://www.googleapis.com/auth/cloud-platform"]
[debug] [2020-02-07T16:14:04.040Z] > authorizing via signed-in user
[debug] [2020-02-07T16:14:04.040Z] [iam] checking project redsocial2-cbaa6 for permissions ["firebase.projects.get"]
[debug] [2020-02-07T16:14:04.042Z] > refreshing access token with scopes: ["email","https://www.googleapis.com/auth/cloud-platform","https://www.googleapis.com/auth/cloudplatformprojects.readonly","https://www.googleapis.com/auth/firebase","openid"]
[debug] [2020-02-07T16:14:04.042Z] >>> HTTP REQUEST POST https://www.googleapis.com/oauth2/v3/token  
 <request body omitted>
[debug] [2020-02-07T16:14:09.212Z] <<< HTTP RESPONSE 200
[debug] [2020-02-07T16:14:09.223Z] >>> HTTP REQUEST POST https://cloudresourcemanager.googleapis.com/v1/projects/redsocial2-cbaa6:testIamPermissions  

[debug] [2020-02-07T16:14:23.137Z] <<< HTTP RESPONSE 200
[debug] [2020-02-07T16:14:23.138Z] >>> HTTP REQUEST GET https://firebase.googleapis.com/v1beta1/projects/redsocial2-cbaa6  
 
[debug] [2020-02-07T16:14:28.737Z] <<< HTTP RESPONSE 200
[info] 
[info] === Serving from 'C:\Users\jocyt\OneDrive\Escritorio\Social-Network'...
[info] 
[debug] [2020-02-07T16:14:28.742Z] >>> HTTP REQUEST GET https://firebase.googleapis.com/v1beta1/projects/redsocial2-cbaa6/webApps/-/config  
 
[debug] [2020-02-07T16:14:33.090Z] <<< HTTP RESPONSE 200
[info] i  hosting: Serving hosting files from: src
[info] +  hosting: Local server: http://localhost:5000
[debug] [2020-02-12T12:29:02.224Z] ----------------------------------------------------------------------
[debug] [2020-02-12T12:29:02.257Z] Command:       c:\Program Files\nodejs\node.exe c:\Users\jocyt\AppData\Roaming\npm\node_modules\firebase-tools\lib\bin\firebase.js serve
[debug] [2020-02-12T12:29:02.258Z] CLI Version:   7.12.1
[debug] [2020-02-12T12:29:02.258Z] Platform:      win32
[debug] [2020-02-12T12:29:02.258Z] Node Version:  v12.13.1
[debug] [2020-02-12T12:29:02.450Z] Time:          Wed Feb 12 2020 09:29:02 GMT-0300 (GMT-03:00)
[debug] [2020-02-12T12:29:02.450Z] ----------------------------------------------------------------------
[debug] [2020-02-12T12:29:02.451Z] 
[debug] [2020-02-12T12:29:02.529Z] > command requires scopes: ["email","openid","https://www.googleapis.com/auth/cloudplatformprojects.readonly","https://www.googleapis.com/auth/firebase","https://www.googleapis.com/auth/cloud-platform"]
[debug] [2020-02-12T12:29:02.530Z] > authorizing via signed-in user
[debug] [2020-02-12T12:29:02.530Z] [iam] checking project redsocial2-cbaa6 for permissions ["firebase.projects.get"]
[debug] [2020-02-12T12:29:02.533Z] > refreshing access token with scopes: ["email","https://www.googleapis.com/auth/cloud-platform","https://www.googleapis.com/auth/cloudplatformprojects.readonly","https://www.googleapis.com/auth/firebase","openid"]
[debug] [2020-02-12T12:29:02.533Z] >>> HTTP REQUEST POST https://www.googleapis.com/oauth2/v3/token  
 <request body omitted>
[debug] [2020-02-12T12:29:03.105Z] <<< HTTP RESPONSE 200
[debug] [2020-02-12T12:29:03.166Z] >>> HTTP REQUEST POST https://cloudresourcemanager.googleapis.com/v1/projects/redsocial2-cbaa6:testIamPermissions  

[debug] [2020-02-12T12:29:04.857Z] <<< HTTP RESPONSE 200
[debug] [2020-02-12T12:29:04.861Z] >>> HTTP REQUEST GET https://firebase.googleapis.com/v1beta1/projects/redsocial2-cbaa6  
 
[debug] [2020-02-12T12:29:06.201Z] <<< HTTP RESPONSE 200
[info] 
[info] === Serving from 'C:\Users\jocyt\OneDrive\Escritorio\Social-Network'...
[info] 
[debug] [2020-02-12T12:29:06.209Z] >>> HTTP REQUEST GET https://firebase.googleapis.com/v1beta1/projects/redsocial2-cbaa6/webApps/-/config  
 
[debug] [2020-02-12T12:29:06.938Z] <<< HTTP RESPONSE 200
[info] i  hosting: Serving hosting files from: src
[info] +  hosting: Local server: http://localhost:5000
